0 info it worked if it ends with ok
1 verbose cli [ '/usr/local/bin/node', '/usr/local/bin/npm', 'run', 'dev' ]
2 info using npm@3.10.10
3 info using node@v6.9.4
4 verbose run-script [ 'predev', 'dev', 'postdev' ]
5 info lifecycle setup@1.0.0~predev: setup@1.0.0
6 silly lifecycle setup@1.0.0~predev: no script for predev, continuing
7 info lifecycle setup@1.0.0~dev: setup@1.0.0
8 verbose lifecycle setup@1.0.0~dev: unsafe-perm in lifecycle true
9 verbose lifecycle setup@1.0.0~dev: PATH: /usr/local/lib/node_modules/npm/bin/node-gyp-bin:/Users/alexandershipunov/Documents/Node_MongoDB_React_course/js-fullstack/node_modules/.bin:/Users/alexandershipunov/.rvm/gems/ruby-2.3.0/bin:/Users/alexandershipunov/.rvm/gems/ruby-2.3.0@global/bin:/Users/alexandershipunov/.rvm/rubies/ruby-2.3.0/bin:/usr/local/bin:/usr/bin:/bin:/usr/sbin:/sbin:/usr/local/MacGPG2/bin:/Library/Frameworks/Mono.framework/Versions/Current/Commands:/Users/alexandershipunov/.rvm/bin:/Users/alexandershipunov/apache-maven-3.3.9/bin:./node_modules/.bin
10 verbose lifecycle setup@1.0.0~dev: CWD: /Users/alexandershipunov/Documents/Node_MongoDB_React_course/js-fullstack
11 silly lifecycle setup@1.0.0~dev: Args: [ '-c', 'web pack -wd' ]
12 info lifecycle setup@1.0.0~dev: Failed to exec dev script
13 verbose stack Error: setup@1.0.0 dev: `web pack -wd`
13 verbose stack spawn ENOENT
13 verbose stack     at ChildProcess.<anonymous> (/usr/local/lib/node_modules/npm/lib/utils/spawn.js:33:16)
13 verbose stack     at emitTwo (events.js:106:13)
13 verbose stack     at ChildProcess.emit (events.js:191:7)
13 verbose stack     at maybeClose (internal/child_process.js:877:16)
13 verbose stack     at Process.ChildProcess._handle.onexit (internal/child_process.js:226:5)
14 verbose pkgid setup@1.0.0
15 verbose cwd /Users/alexandershipunov/Documents/Node_MongoDB_React_course/js-fullstack
16 error Darwin 16.3.0
17 error argv "/usr/local/bin/node" "/usr/local/bin/npm" "run" "dev"
18 error node v6.9.4
19 error npm  v3.10.10
20 error file sh
21 error code ELIFECYCLE
22 error errno ENOENT
23 error syscall spawn
24 error setup@1.0.0 dev: `web pack -wd`
24 error spawn ENOENT
25 error Failed at the setup@1.0.0 dev script 'web pack -wd'.
25 error Make sure you have the latest version of node.js and npm installed.
25 error If you do, this is most likely a problem with the setup package,
25 error not with npm itself.
25 error Tell the author that this fails on your system:
25 error     web pack -wd
25 error You can get information on how to open an issue for this project with:
25 error     npm bugs setup
25 error Or if that isn't available, you can get their info via:
25 error     npm owner ls setup
25 error There is likely additional logging output above.
26 verbose exit [ 1, true ]
